Using pre-set license
Built from '2021.3/staging' branch; Version is '2021.3.6f1 (7da38d85baf6) revision 8233869'; Using compiler version '192829333'; Build Type 'Release'
OS: 'Windows 11  (10.0.22000) 64bit Core' Language: 'en' Physical Memory: 16304 MB
BatchMode: 1, IsHumanControllingUs: 0, StartBugReporterOnCrash: 0, Is64bit: 1, IsPro: 1

COMMAND LINE ARGUMENTS:
C:\Program Files\Unity\Hub\Editor\2021.3.6f1\Editor\Unity.exe
-adb2
-batchMode
-noUpm
-name
AssetImportWorker1
-projectPath
C:/Users/jean-/OneDrive/Bureau/Coding/TP2_CrabInvasion_Repos/TP2_CrabInvasionVR/TP2_Crabs_Official
-logFile
Logs/AssetImportWorker1.log
-srvPort
<<<<<<< HEAD
50418
=======
61515
>>>>>>> branche_js
Successfully changed project path to: C:/Users/jean-/OneDrive/Bureau/Coding/TP2_CrabInvasion_Repos/TP2_CrabInvasionVR/TP2_Crabs_Official
C:/Users/jean-/OneDrive/Bureau/Coding/TP2_CrabInvasion_Repos/TP2_CrabInvasionVR/TP2_Crabs_Official
[UnityMemory] Configuration Parameters - Can be set up in boot.config
    "memorysetup-bucket-allocator-granularity=16"
    "memorysetup-bucket-allocator-bucket-count=8"
    "memorysetup-bucket-allocator-block-size=33554432"
    "memorysetup-bucket-allocator-block-count=8"
    "memorysetup-main-allocator-block-size=16777216"
    "memorysetup-thread-allocator-block-size=16777216"
    "memorysetup-gfx-main-allocator-block-size=16777216"
    "memorysetup-gfx-thread-allocator-block-size=16777216"
    "memorysetup-cache-allocator-block-size=4194304"
    "memorysetup-typetree-allocator-block-size=2097152"
    "memorysetup-profiler-bucket-allocator-granularity=16"
    "memorysetup-profiler-bucket-allocator-bucket-count=8"
    "memorysetup-profiler-bucket-allocator-block-size=33554432"
    "memorysetup-profiler-bucket-allocator-block-count=8"
    "memorysetup-profiler-allocator-block-size=16777216"
    "memorysetup-profiler-editor-allocator-block-size=1048576"
    "memorysetup-temp-allocator-size-main=16777216"
    "memorysetup-job-temp-allocator-block-size=2097152"
    "memorysetup-job-temp-allocator-block-size-background=1048576"
    "memorysetup-job-temp-allocator-reduction-small-platforms=262144"
    "memorysetup-temp-allocator-size-background-worker=32768"
    "memorysetup-temp-allocator-size-job-worker=262144"
    "memorysetup-temp-allocator-size-preload-manager=33554432"
    "memorysetup-temp-allocator-size-nav-mesh-worker=65536"
    "memorysetup-temp-allocator-size-audio-worker=65536"
    "memorysetup-temp-allocator-size-cloud-worker=32768"
    "memorysetup-temp-allocator-size-gi-baking-worker=262144"
    "memorysetup-temp-allocator-size-gfx=262144"
<<<<<<< HEAD
Refreshing native plugins compatible for Editor in 242.03 ms, found 11 plugins.
Preloading 1 native plugins for Editor in 4.31 ms.
=======
Refreshing native plugins compatible for Editor in 166.25 ms, found 11 plugins.
Preloading 1 native plugins for Editor in 2.84 ms.
>>>>>>> branche_js
Initialize engine version: 2021.3.6f1 (7da38d85baf6)
[Subsystems] Discovering subsystems at path C:/Program Files/Unity/Hub/Editor/2021.3.6f1/Editor/Data/Resources/UnitySubsystems
[Subsystems] Discovering subsystems at path C:/Users/jean-/OneDrive/Bureau/Coding/TP2_CrabInvasion_Repos/TP2_CrabInvasionVR/TP2_Crabs_Official/Assets
GfxDevice: creating device client; threaded=0; jobified=0
Direct3D:
    Version:  Direct3D 11.0 [level 11.1]
    Renderer: NVIDIA GeForce GTX 1660 Ti (ID=0x2191)
    Vendor:   NVIDIA
    VRAM:     5991 MB
    Driver:   27.21.14.5749
Initialize mono
Mono path[0] = 'C:/Program Files/Unity/Hub/Editor/2021.3.6f1/Editor/Data/Managed'
Mono path[1] = 'C:/Program Files/Unity/Hub/Editor/2021.3.6f1/Editor/Data/MonoBleedingEdge/lib/mono/unityjit-win32'
Mono config path = 'C:/Program Files/Unity/Hub/Editor/2021.3.6f1/Editor/Data/MonoBleedingEdge/etc'
<<<<<<< HEAD
Using monoOptions --debugger-agent=transport=dt_socket,embedding=1,server=y,suspend=n,address=127.0.0.1:56288
=======
Using monoOptions --debugger-agent=transport=dt_socket,embedding=1,server=y,suspend=n,address=127.0.0.1:56392
>>>>>>> branche_js
Begin MonoManager ReloadAssembly
Registering precompiled unity dll's ...
Register platform support module: C:/Program Files/Unity/Hub/Editor/2021.3.6f1/Editor/Data/PlaybackEngines/AndroidPlayer/UnityEditor.Android.Extensions.dll
Register platform support module: C:/Program Files/Unity/Hub/Editor/2021.3.6f1/Editor/Data/PlaybackEngines/WindowsStandaloneSupport/UnityEditor.WindowsStandalone.Extensions.dll
Register platform support module: C:/Program Files/Unity/Hub/Editor/2021.3.6f1/Editor/Data/PlaybackEngines/MetroSupport/UnityEditor.UWP.Extensions.dll
<<<<<<< HEAD
Registered in 0.022142 seconds.
Native extension for UWP target not found
Native extension for WindowsStandalone target not found
Native extension for Android target not found
Refreshing native plugins compatible for Editor in 156.36 ms, found 11 plugins.
Preloading 1 native plugins for Editor in 0.24 ms.
Mono: successfully reloaded assembly
- Completed reload, in  1.499 seconds
Domain Reload Profiling:
	ReloadAssembly (1500ms)
		BeginReloadAssembly (120ms)
=======
Registered in 0.016542 seconds.
Native extension for UWP target not found
Native extension for WindowsStandalone target not found
Native extension for Android target not found
Refreshing native plugins compatible for Editor in 156.86 ms, found 11 plugins.
Preloading 1 native plugins for Editor in 0.32 ms.
Mono: successfully reloaded assembly
- Completed reload, in  1.275 seconds
Domain Reload Profiling:
	ReloadAssembly (1276ms)
		BeginReloadAssembly (132ms)
>>>>>>> branche_js
			ExecutionOrderSort (0ms)
			DisableScriptedObjects (0ms)
			BackupInstance (0ms)
			ReleaseScriptingObjects (0ms)
			CreateAndSetChildDomain (1ms)
<<<<<<< HEAD
		EndReloadAssembly (1101ms)
			LoadAssemblies (133ms)
			RebuildTransferFunctionScriptingTraits (0ms)
			SetupTypeCache (282ms)
			ReleaseScriptCaches (0ms)
			RebuildScriptCaches (63ms)
			SetupLoadedEditorAssemblies (596ms)
				LogAssemblyErrors (0ms)
				InitializePlatformSupportModulesInManaged (189ms)
				SetLoadedEditorAssemblies (0ms)
				RefreshPlugins (157ms)
				BeforeProcessingInitializeOnLoad (2ms)
				ProcessInitializeOnLoadAttributes (170ms)
				ProcessInitializeOnLoadMethodAttributes (78ms)
=======
		EndReloadAssembly (954ms)
			LoadAssemblies (130ms)
			RebuildTransferFunctionScriptingTraits (0ms)
			SetupTypeCache (222ms)
			ReleaseScriptCaches (0ms)
			RebuildScriptCaches (46ms)
			SetupLoadedEditorAssemblies (587ms)
				LogAssemblyErrors (0ms)
				InitializePlatformSupportModulesInManaged (85ms)
				SetLoadedEditorAssemblies (0ms)
				RefreshPlugins (157ms)
				BeforeProcessingInitializeOnLoad (4ms)
				ProcessInitializeOnLoadAttributes (164ms)
				ProcessInitializeOnLoadMethodAttributes (177ms)
>>>>>>> branche_js
				AfterProcessingInitializeOnLoad (0ms)
				EditorAssembliesLoaded (0ms)
			ExecutionOrderSort2 (0ms)
			AwakeInstancesAfterBackupRestoration (0ms)
Platform modules already initialized, skipping
Registering precompiled user dll's ...
<<<<<<< HEAD
Registered in 0.034320 seconds.
=======
Registered in 0.026167 seconds.
>>>>>>> branche_js
Begin MonoManager ReloadAssembly
Symbol file LoadedFromMemory doesn't match image C:\Users\jean-\OneDrive\Bureau\Coding\TP2_CrabInvasion_Repos\TP2_CrabInvasionVR\TP2_Crabs_Official\Library\PackageCache\com.unity.visualscripting@1.7.8\Editor\VisualScripting.Core\Dependencies\DotNetZip\Unity.VisualScripting.IonicZip.dll
Symbol file LoadedFromMemory doesn't match image C:\Users\jean-\OneDrive\Bureau\Coding\TP2_CrabInvasion_Repos\TP2_CrabInvasionVR\TP2_Crabs_Official\Library\PackageCache\com.unity.visualscripting@1.7.8\Editor\VisualScripting.Core\Dependencies\YamlDotNet\Unity.VisualScripting.YamlDotNet.dll
Native extension for UWP target not found
Native extension for WindowsStandalone target not found
Native extension for Android target not found
<<<<<<< HEAD
Refreshing native plugins compatible for Editor in 324.94 ms, found 11 plugins.
=======
Refreshing native plugins compatible for Editor in 227.97 ms, found 11 plugins.
>>>>>>> branche_js
Preloading 1 native plugins for Editor in 0.20 ms.
Package Manager log level set to [2]
System.Reflection.TargetInvocationException: Exception has been thrown by the target of an invocation. ---> System.NullReferenceException: Object reference not set to an instance of an object
  at Unity.XR.Oculus.OculusLoader.AssetPathToAbsolutePath (System.String assetPath) [0x0003d] in C:\Users\jean-\OneDrive\Bureau\Coding\TP2_CrabInvasion_Repos\TP2_CrabInvasionVR\TP2_Crabs_Official\Library\PackageCache\com.unity.xr.oculus@3.0.2\Runtime\OculusLoader.cs:271 
  at Unity.XR.Oculus.OculusLoader.EditorLoadOVRPlugin () [0x0007b] in C:\Users\jean-\OneDrive\Bureau\Coding\TP2_CrabInvasion_Repos\TP2_CrabInvasionVR\TP2_Crabs_Official\Library\PackageCache\com.unity.xr.oculus@3.0.2\Runtime\OculusLoader.cs:256 
  at (wrapper managed-to-native) System.Reflection.RuntimeMethodInfo.InternalInvoke(System.Reflection.RuntimeMethodInfo,object,object[],System.Exception&)
  at System.Reflection.RuntimeMethodInfo.Invoke (System.Object obj, System.Reflection.BindingFlags invokeAttr, System.Reflection.Binder binder, System.Object[] parameters, System.Globalization.CultureInfo culture) [0x0006a] in <e40e5a8f982c4b618a930d29f9bd091c>:0 
   --- End of inner exception stack trace ---
  at System.Reflection.RuntimeMethodInfo.Invoke (System.Object obj, System.Reflection.BindingFlags invokeAttr, System.Reflection.Binder binder, System.Object[] parameters, System.Globalization.CultureInfo culture) [0x00083] in <e40e5a8f982c4b618a930d29f9bd091c>:0 
  at System.Reflection.MethodBase.Invoke (System.Object obj, System.Object[] parameters) [0x00000] in <e40e5a8f982c4b618a930d29f9bd091c>:0 
  at UnityEditor.EditorAssemblies.ProcessInitializeOnLoadMethodAttributes () [0x000a5] in <44a70d1b13cf47e29810e30f45ffae08>:0 
UnityEngine.StackTraceUtility:ExtractStackTrace ()
UnityEngine.DebugLogHandler:LogFormat (UnityEngine.LogType,UnityEngine.Object,string,object[])
UnityEngine.Logger:Log (UnityEngine.LogType,object)
UnityEngine.Debug:LogError (object)
UnityEditor.EditorAssemblies:ProcessInitializeOnLoadMethodAttributes ()

Mono: successfully reloaded assembly
<<<<<<< HEAD
- Completed reload, in  5.676 seconds
Domain Reload Profiling:
	ReloadAssembly (5684ms)
		BeginReloadAssembly (785ms)
			ExecutionOrderSort (0ms)
			DisableScriptedObjects (19ms)
			BackupInstance (0ms)
			ReleaseScriptingObjects (0ms)
			CreateAndSetChildDomain (169ms)
		EndReloadAssembly (4119ms)
			LoadAssemblies (648ms)
			RebuildTransferFunctionScriptingTraits (0ms)
			SetupTypeCache (1538ms)
			ReleaseScriptCaches (3ms)
			RebuildScriptCaches (213ms)
			SetupLoadedEditorAssemblies (1695ms)
				LogAssemblyErrors (0ms)
				InitializePlatformSupportModulesInManaged (57ms)
				SetLoadedEditorAssemblies (1ms)
				RefreshPlugins (325ms)
				BeforeProcessingInitializeOnLoad (325ms)
				ProcessInitializeOnLoadAttributes (895ms)
				ProcessInitializeOnLoadMethodAttributes (75ms)
				AfterProcessingInitializeOnLoad (17ms)
				EditorAssembliesLoaded (0ms)
			ExecutionOrderSort2 (0ms)
			AwakeInstancesAfterBackupRestoration (15ms)
=======
- Completed reload, in  4.055 seconds
Domain Reload Profiling:
	ReloadAssembly (4058ms)
		BeginReloadAssembly (575ms)
			ExecutionOrderSort (0ms)
			DisableScriptedObjects (18ms)
			BackupInstance (0ms)
			ReleaseScriptingObjects (0ms)
			CreateAndSetChildDomain (176ms)
		EndReloadAssembly (2916ms)
			LoadAssemblies (383ms)
			RebuildTransferFunctionScriptingTraits (0ms)
			SetupTypeCache (869ms)
			ReleaseScriptCaches (3ms)
			RebuildScriptCaches (208ms)
			SetupLoadedEditorAssemblies (1445ms)
				LogAssemblyErrors (0ms)
				InitializePlatformSupportModulesInManaged (42ms)
				SetLoadedEditorAssemblies (1ms)
				RefreshPlugins (228ms)
				BeforeProcessingInitializeOnLoad (209ms)
				ProcessInitializeOnLoadAttributes (873ms)
				ProcessInitializeOnLoadMethodAttributes (71ms)
				AfterProcessingInitializeOnLoad (20ms)
				EditorAssembliesLoaded (0ms)
			ExecutionOrderSort2 (0ms)
			AwakeInstancesAfterBackupRestoration (13ms)
>>>>>>> branche_js
Platform modules already initialized, skipping
========================================================================
Worker process is ready to serve import requests
Launched and connected shader compiler UnityShaderCompiler.exe after 0.09 seconds
<<<<<<< HEAD
Refreshing native plugins compatible for Editor in 1.75 ms, found 11 plugins.
Preloading 1 native plugins for Editor in 0.18 ms.
Unloading 4558 Unused Serialized files (Serialized files now loaded: 0)
Unloading 70 unused Assets / (1.6 MB). Loaded Objects now: 5006.
Memory consumption went from 169.9 MB to 168.3 MB.
Total: 12.457500 ms (FindLiveObjects: 1.162300 ms CreateObjectMapping: 0.783600 ms MarkObjects: 9.754200 ms  DeleteObjects: 0.755700 ms)
=======
Refreshing native plugins compatible for Editor in 1.85 ms, found 11 plugins.
Preloading 1 native plugins for Editor in 0.16 ms.
Unloading 4558 Unused Serialized files (Serialized files now loaded: 0)
Unloading 70 unused Assets / (1.6 MB). Loaded Objects now: 5006.
Memory consumption went from 169.6 MB to 168.1 MB.
Total: 12.756200 ms (FindLiveObjects: 0.595200 ms CreateObjectMapping: 0.575400 ms MarkObjects: 11.051700 ms  DeleteObjects: 0.531500 ms)
>>>>>>> branche_js

AssetImportParameters requested are different than current active one (requested -> active):
  custom:video-decoder-ogg-theora: a1e56fd34408186e4bbccfd4996cb3dc -> 
  custom:container-muxer-webm: aa71ff27fc2769a1b78a27578f13a17b -> 
  custom:container-demuxer-webm: 4f35f7cbe854078d1ac9338744f61a02 -> 
  custom:video-encoder-webm-vp8: eb34c28f22e8b96e1ab97ce403110664 -> 
  custom:video-codec-MediaFoundation-h265: 746d11721c4dcdbdad8f713fa42b33f4 -> 
  custom:audio-encoder-webm-vorbis: bf7c407c2cedff20999df2af8eb42d56 -> 
  custom:framework-win-MediaFoundation: 216162199b28c13a410421893ffa2e32 -> 
  custom:container-demuxer-ogg: 62fdf1f143b41e24485cea50d1cbac27 -> 
  custom:video-decoder-webm-vp8: 9c59270c3fd7afecdb556c50c9e8de78 -> 
  custom:audio-decoder-ogg-vorbis: bf7c407c2cedff20999df2af8eb42d56 -> 
========================================================================
Received Import Request.
<<<<<<< HEAD
  Time since last request: 284362.322037 seconds.
  path: Assets/Scenes/JS_Scene.unity
  artifactKey: Guid(5eb1bd7838c1d7b47abcee6516725d2f) Importer(815301076,1909f56bfc062723c751e8b465ee728b)
Start importing Assets/Scenes/JS_Scene.unity using Guid(5eb1bd7838c1d7b47abcee6516725d2f) Importer(815301076,1909f56bfc062723c751e8b465ee728b)  -> (artifact id: '05e89b245530f8c36996fafeff156242') in 0.020929 seconds 
========================================================================
Received Prepare
Registering precompiled user dll's ...
Registered in 0.023278 seconds.
Begin MonoManager ReloadAssembly
Symbol file LoadedFromMemory doesn't match image C:\Users\jean-\OneDrive\Bureau\Coding\TP2_CrabInvasion_Repos\TP2_CrabInvasionVR\TP2_Crabs_Official\Library\PackageCache\com.unity.visualscripting@1.7.8\Editor\VisualScripting.Core\Dependencies\DotNetZip\Unity.VisualScripting.IonicZip.dll
Symbol file LoadedFromMemory doesn't match image C:\Users\jean-\OneDrive\Bureau\Coding\TP2_CrabInvasion_Repos\TP2_CrabInvasionVR\TP2_Crabs_Official\Library\PackageCache\com.unity.visualscripting@1.7.8\Editor\VisualScripting.Core\Dependencies\YamlDotNet\Unity.VisualScripting.YamlDotNet.dll
Native extension for UWP target not found
Native extension for WindowsStandalone target not found
Native extension for Android target not found
Refreshing native plugins compatible for Editor in 2.34 ms, found 11 plugins.
Preloading 1 native plugins for Editor in 0.17 ms.
System.Reflection.TargetInvocationException: Exception has been thrown by the target of an invocation. ---> System.NullReferenceException: Object reference not set to an instance of an object
  at Unity.XR.Oculus.OculusLoader.AssetPathToAbsolutePath (System.String assetPath) [0x0003d] in C:\Users\jean-\OneDrive\Bureau\Coding\TP2_CrabInvasion_Repos\TP2_CrabInvasionVR\TP2_Crabs_Official\Library\PackageCache\com.unity.xr.oculus@3.0.2\Runtime\OculusLoader.cs:271 
  at Unity.XR.Oculus.OculusLoader.EditorLoadOVRPlugin () [0x0007b] in C:\Users\jean-\OneDrive\Bureau\Coding\TP2_CrabInvasion_Repos\TP2_CrabInvasionVR\TP2_Crabs_Official\Library\PackageCache\com.unity.xr.oculus@3.0.2\Runtime\OculusLoader.cs:256 
  at (wrapper managed-to-native) System.Reflection.RuntimeMethodInfo.InternalInvoke(System.Reflection.RuntimeMethodInfo,object,object[],System.Exception&)
  at System.Reflection.RuntimeMethodInfo.Invoke (System.Object obj, System.Reflection.BindingFlags invokeAttr, System.Reflection.Binder binder, System.Object[] parameters, System.Globalization.CultureInfo culture) [0x0006a] in <e40e5a8f982c4b618a930d29f9bd091c>:0 
   --- End of inner exception stack trace ---
  at System.Reflection.RuntimeMethodInfo.Invoke (System.Object obj, System.Reflection.BindingFlags invokeAttr, System.Reflection.Binder binder, System.Object[] parameters, System.Globalization.CultureInfo culture) [0x00083] in <e40e5a8f982c4b618a930d29f9bd091c>:0 
  at System.Reflection.MethodBase.Invoke (System.Object obj, System.Object[] parameters) [0x00000] in <e40e5a8f982c4b618a930d29f9bd091c>:0 
  at UnityEditor.EditorAssemblies.ProcessInitializeOnLoadMethodAttributes () [0x000a5] in <44a70d1b13cf47e29810e30f45ffae08>:0 
UnityEngine.StackTraceUtility:ExtractStackTrace ()
UnityEngine.DebugLogHandler:LogFormat (UnityEngine.LogType,UnityEngine.Object,string,object[])
UnityEngine.Logger:Log (UnityEngine.LogType,object)
UnityEngine.Debug:LogError (object)
UnityEditor.EditorAssemblies:ProcessInitializeOnLoadMethodAttributes ()

Mono: successfully reloaded assembly
- Completed reload, in  2.286 seconds
Domain Reload Profiling:
	ReloadAssembly (2288ms)
		BeginReloadAssembly (212ms)
			ExecutionOrderSort (0ms)
			DisableScriptedObjects (9ms)
			BackupInstance (0ms)
			ReleaseScriptingObjects (0ms)
			CreateAndSetChildDomain (62ms)
		EndReloadAssembly (1914ms)
			LoadAssemblies (146ms)
			RebuildTransferFunctionScriptingTraits (0ms)
			SetupTypeCache (485ms)
			ReleaseScriptCaches (4ms)
			RebuildScriptCaches (141ms)
			SetupLoadedEditorAssemblies (989ms)
				LogAssemblyErrors (0ms)
				InitializePlatformSupportModulesInManaged (55ms)
				SetLoadedEditorAssemblies (2ms)
				RefreshPlugins (3ms)
				BeforeProcessingInitializeOnLoad (173ms)
				ProcessInitializeOnLoadAttributes (669ms)
				ProcessInitializeOnLoadMethodAttributes (69ms)
				AfterProcessingInitializeOnLoad (18ms)
				EditorAssembliesLoaded (1ms)
			ExecutionOrderSort2 (0ms)
			AwakeInstancesAfterBackupRestoration (12ms)
Platform modules already initialized, skipping
Refreshing native plugins compatible for Editor in 13.19 ms, found 11 plugins.
Preloading 1 native plugins for Editor in 0.16 ms.
Unloading 4495 Unused Serialized files (Serialized files now loaded: 0)
Unloading 50 unused Assets / (1.5 MB). Loaded Objects now: 5010.
Memory consumption went from 165.4 MB to 163.8 MB.
Total: 7.870700 ms (FindLiveObjects: 0.450300 ms CreateObjectMapping: 0.451800 ms MarkObjects: 6.604600 ms  DeleteObjects: 0.362900 ms)

AssetImportParameters requested are different than current active one (requested -> active):
  custom:video-decoder-ogg-theora: a1e56fd34408186e4bbccfd4996cb3dc -> 
  custom:container-muxer-webm: aa71ff27fc2769a1b78a27578f13a17b -> 
  custom:container-demuxer-webm: 4f35f7cbe854078d1ac9338744f61a02 -> 
  custom:video-encoder-webm-vp8: eb34c28f22e8b96e1ab97ce403110664 -> 
  custom:video-codec-MediaFoundation-h265: 746d11721c4dcdbdad8f713fa42b33f4 -> 
  custom:audio-encoder-webm-vorbis: bf7c407c2cedff20999df2af8eb42d56 -> 
  custom:framework-win-MediaFoundation: 216162199b28c13a410421893ffa2e32 -> 
  custom:container-demuxer-ogg: 62fdf1f143b41e24485cea50d1cbac27 -> 
  custom:video-decoder-webm-vp8: 9c59270c3fd7afecdb556c50c9e8de78 -> 
  custom:audio-decoder-ogg-vorbis: bf7c407c2cedff20999df2af8eb42d56 -> 
=======
  Time since last request: 280429.756820 seconds.
  path: Assets/Scenes/Rox_Scene.unity
  artifactKey: Guid(d3e138cb195434e4f9c984f75ed9c847) Importer(815301076,1909f56bfc062723c751e8b465ee728b)
Start importing Assets/Scenes/Rox_Scene.unity using Guid(d3e138cb195434e4f9c984f75ed9c847) Importer(815301076,1909f56bfc062723c751e8b465ee728b)  -> (artifact id: 'a32ca82c690171f84c8622c1877b0489') in 0.020711 seconds 
========================================================================
Received Import Request.
  Time since last request: 0.000030 seconds.
  path: Assets/Scenes/JS_Scene.unity
  artifactKey: Guid(5eb1bd7838c1d7b47abcee6516725d2f) Importer(815301076,1909f56bfc062723c751e8b465ee728b)
Start importing Assets/Scenes/JS_Scene.unity using Guid(5eb1bd7838c1d7b47abcee6516725d2f) Importer(815301076,1909f56bfc062723c751e8b465ee728b)  -> (artifact id: '05e89b245530f8c36996fafeff156242') in 0.004229 seconds 
========================================================================
Received Import Request.
  Time since last request: 873.087077 seconds.
  path: Assets/Prefab/Crabs Variant.prefab
  artifactKey: Guid(531d851723bb92d41b3510ddc7dd8405) Importer(815301076,1909f56bfc062723c751e8b465ee728b)
Start importing Assets/Prefab/Crabs Variant.prefab using Guid(531d851723bb92d41b3510ddc7dd8405) Importer(815301076,1909f56bfc062723c751e8b465ee728b)  -> (artifact id: '463944595c6324ab9e6fc1348b6b36c9') in 0.304184 seconds 
========================================================================
Received Import Request.
  Time since last request: 868.387089 seconds.
  path: Assets/Meshes/SM_Centre2.fbx
  artifactKey: Guid(6f50ea427d8da2b48a9b0e3ae055ad13) Importer(815301076,1909f56bfc062723c751e8b465ee728b)
Start importing Assets/Meshes/SM_Centre2.fbx using Guid(6f50ea427d8da2b48a9b0e3ae055ad13) Importer(815301076,1909f56bfc062723c751e8b465ee728b)  -> (artifact id: '6f7802a8126b3a80720334760247fe93') in 0.219017 seconds 
========================================================================
Received Import Request.
  Time since last request: 0.000081 seconds.
  path: Assets/Meshes/SM_Centre3.fbx
  artifactKey: Guid(84b994ceec1a44243b4e5e7db28dacfc) Importer(815301076,1909f56bfc062723c751e8b465ee728b)
Start importing Assets/Meshes/SM_Centre3.fbx using Guid(84b994ceec1a44243b4e5e7db28dacfc) Importer(815301076,1909f56bfc062723c751e8b465ee728b)  -> (artifact id: '18da8a1e2c660866be95fc565154ec25') in 0.031816 seconds 
========================================================================
Received Prepare
Registering precompiled user dll's ...
Registered in 0.027711 seconds.
Begin MonoManager ReloadAssembly
Symbol file LoadedFromMemory doesn't match image C:\Users\jean-\OneDrive\Bureau\Coding\TP2_CrabInvasion_Repos\TP2_CrabInvasionVR\TP2_Crabs_Official\Library\PackageCache\com.unity.visualscripting@1.7.8\Editor\VisualScripting.Core\Dependencies\DotNetZip\Unity.VisualScripting.IonicZip.dll
Symbol file LoadedFromMemory doesn't match image C:\Users\jean-\OneDrive\Bureau\Coding\TP2_CrabInvasion_Repos\TP2_CrabInvasionVR\TP2_Crabs_Official\Library\PackageCache\com.unity.visualscripting@1.7.8\Editor\VisualScripting.Core\Dependencies\YamlDotNet\Unity.VisualScripting.YamlDotNet.dll
Native extension for UWP target not found
Native extension for WindowsStandalone target not found
Native extension for Android target not found
Refreshing native plugins compatible for Editor in 3.87 ms, found 11 plugins.
Preloading 1 native plugins for Editor in 0.13 ms.
System.Reflection.TargetInvocationException: Exception has been thrown by the target of an invocation. ---> System.NullReferenceException: Object reference not set to an instance of an object
  at Unity.XR.Oculus.OculusLoader.AssetPathToAbsolutePath (System.String assetPath) [0x0003d] in C:\Users\jean-\OneDrive\Bureau\Coding\TP2_CrabInvasion_Repos\TP2_CrabInvasionVR\TP2_Crabs_Official\Library\PackageCache\com.unity.xr.oculus@3.0.2\Runtime\OculusLoader.cs:271 
  at Unity.XR.Oculus.OculusLoader.EditorLoadOVRPlugin () [0x0007b] in C:\Users\jean-\OneDrive\Bureau\Coding\TP2_CrabInvasion_Repos\TP2_CrabInvasionVR\TP2_Crabs_Official\Library\PackageCache\com.unity.xr.oculus@3.0.2\Runtime\OculusLoader.cs:256 
  at (wrapper managed-to-native) System.Reflection.RuntimeMethodInfo.InternalInvoke(System.Reflection.RuntimeMethodInfo,object,object[],System.Exception&)
  at System.Reflection.RuntimeMethodInfo.Invoke (System.Object obj, System.Reflection.BindingFlags invokeAttr, System.Reflection.Binder binder, System.Object[] parameters, System.Globalization.CultureInfo culture) [0x0006a] in <e40e5a8f982c4b618a930d29f9bd091c>:0 
   --- End of inner exception stack trace ---
  at System.Reflection.RuntimeMethodInfo.Invoke (System.Object obj, System.Reflection.BindingFlags invokeAttr, System.Reflection.Binder binder, System.Object[] parameters, System.Globalization.CultureInfo culture) [0x00083] in <e40e5a8f982c4b618a930d29f9bd091c>:0 
  at System.Reflection.MethodBase.Invoke (System.Object obj, System.Object[] parameters) [0x00000] in <e40e5a8f982c4b618a930d29f9bd091c>:0 
  at UnityEditor.EditorAssemblies.ProcessInitializeOnLoadMethodAttributes () [0x000a5] in <44a70d1b13cf47e29810e30f45ffae08>:0 
UnityEngine.StackTraceUtility:ExtractStackTrace ()
UnityEngine.DebugLogHandler:LogFormat (UnityEngine.LogType,UnityEngine.Object,string,object[])
UnityEngine.Logger:Log (UnityEngine.LogType,object)
UnityEngine.Debug:LogError (object)
UnityEditor.EditorAssemblies:ProcessInitializeOnLoadMethodAttributes ()

Mono: successfully reloaded assembly
- Completed reload, in  2.838 seconds
Domain Reload Profiling:
	ReloadAssembly (2840ms)
		BeginReloadAssembly (487ms)
			ExecutionOrderSort (0ms)
			DisableScriptedObjects (20ms)
			BackupInstance (0ms)
			ReleaseScriptingObjects (0ms)
			CreateAndSetChildDomain (191ms)
		EndReloadAssembly (2143ms)
			LoadAssemblies (244ms)
			RebuildTransferFunctionScriptingTraits (0ms)
			SetupTypeCache (613ms)
			ReleaseScriptCaches (4ms)
			RebuildScriptCaches (116ms)
			SetupLoadedEditorAssemblies (1080ms)
				LogAssemblyErrors (0ms)
				InitializePlatformSupportModulesInManaged (52ms)
				SetLoadedEditorAssemblies (1ms)
				RefreshPlugins (4ms)
				BeforeProcessingInitializeOnLoad (207ms)
				ProcessInitializeOnLoadAttributes (716ms)
				ProcessInitializeOnLoadMethodAttributes (79ms)
				AfterProcessingInitializeOnLoad (20ms)
				EditorAssembliesLoaded (0ms)
			ExecutionOrderSort2 (0ms)
			AwakeInstancesAfterBackupRestoration (13ms)
Platform modules already initialized, skipping
Refreshing native plugins compatible for Editor in 13.01 ms, found 11 plugins.
Preloading 1 native plugins for Editor in 0.16 ms.
Unloading 4495 Unused Serialized files (Serialized files now loaded: 0)
Unloading 50 unused Assets / (1.5 MB). Loaded Objects now: 5053.
Memory consumption went from 182.4 MB to 180.9 MB.
Total: 12.201600 ms (FindLiveObjects: 0.550600 ms CreateObjectMapping: 0.964600 ms MarkObjects: 10.068500 ms  DeleteObjects: 0.616200 ms)

AssetImportParameters requested are different than current active one (requested -> active):
  custom:video-decoder-ogg-theora: a1e56fd34408186e4bbccfd4996cb3dc -> 
  custom:container-muxer-webm: aa71ff27fc2769a1b78a27578f13a17b -> 
  custom:container-demuxer-webm: 4f35f7cbe854078d1ac9338744f61a02 -> 
  custom:video-encoder-webm-vp8: eb34c28f22e8b96e1ab97ce403110664 -> 
  custom:video-codec-MediaFoundation-h265: 746d11721c4dcdbdad8f713fa42b33f4 -> 
  custom:audio-encoder-webm-vorbis: bf7c407c2cedff20999df2af8eb42d56 -> 
  custom:framework-win-MediaFoundation: 216162199b28c13a410421893ffa2e32 -> 
  custom:container-demuxer-ogg: 62fdf1f143b41e24485cea50d1cbac27 -> 
  custom:video-decoder-webm-vp8: 9c59270c3fd7afecdb556c50c9e8de78 -> 
  custom:audio-decoder-ogg-vorbis: bf7c407c2cedff20999df2af8eb42d56 -> 
========================================================================
Received Import Request.
  Time since last request: 678.109577 seconds.
  path: Assets/Meshes/SKM_Crabs/Materials/bdl_byx01.png
  artifactKey: Guid(3db832aa5f7a2334cbcb3e97cad4e981) Importer(815301076,1909f56bfc062723c751e8b465ee728b)
Start importing Assets/Meshes/SKM_Crabs/Materials/bdl_byx01.png using Guid(3db832aa5f7a2334cbcb3e97cad4e981) Importer(815301076,1909f56bfc062723c751e8b465ee728b)  -> (artifact id: 'bcc26e1995efa00aa561473ebda7ab51') in 0.530188 seconds 
========================================================================
Received Import Request.
  Time since last request: 0.000105 seconds.
  path: Assets/Import/LowPolyAssets/Chests/Textures/NormalMap.png
  artifactKey: Guid(acbfa5a42fcea954c91d7df4ca81d50e) Importer(815301076,1909f56bfc062723c751e8b465ee728b)
Start importing Assets/Import/LowPolyAssets/Chests/Textures/NormalMap.png using Guid(acbfa5a42fcea954c91d7df4ca81d50e) Importer(815301076,1909f56bfc062723c751e8b465ee728b)  -> (artifact id: '123b5d9666b0c3f6e7b939c10031715e') in 0.025810 seconds 
========================================================================
Received Import Request.
  Time since last request: 0.000043 seconds.
  path: Assets/Import/nature_pack/Grass4.png
  artifactKey: Guid(1c715555c8f21e84ea33b817a6051c6d) Importer(815301076,1909f56bfc062723c751e8b465ee728b)
Start importing Assets/Import/nature_pack/Grass4.png using Guid(1c715555c8f21e84ea33b817a6051c6d) Importer(815301076,1909f56bfc062723c751e8b465ee728b)  -> (artifact id: '941b1982bb84a4a13541333ea2e9cefc') in 0.018865 seconds 
========================================================================
Received Import Request.
  Time since last request: 0.000037 seconds.
  path: Assets/Samples/ExampleAssets/Textures/Grid_Light_512x512.png
  artifactKey: Guid(a5888ab2610a91d40a5deefc40b7bfe4) Importer(815301076,1909f56bfc062723c751e8b465ee728b)
Start importing Assets/Samples/ExampleAssets/Textures/Grid_Light_512x512.png using Guid(a5888ab2610a91d40a5deefc40b7bfe4) Importer(815301076,1909f56bfc062723c751e8b465ee728b)  -> (artifact id: 'ea2eeef2a0cfc329d32aa2105840f917') in 0.025923 seconds 
========================================================================
Received Import Request.
  Time since last request: 0.000029 seconds.
  path: Assets/Import/nature_pack/Grass1.png
  artifactKey: Guid(d13c334dac760c944b434823a434694a) Importer(815301076,1909f56bfc062723c751e8b465ee728b)
Start importing Assets/Import/nature_pack/Grass1.png using Guid(d13c334dac760c944b434823a434694a) Importer(815301076,1909f56bfc062723c751e8b465ee728b)  -> (artifact id: 'df036a9b56890536cd16ef6aed6073f3') in 0.023647 seconds 
========================================================================
Received Import Request.
  Time since last request: 0.000035 seconds.
  path: Assets/Import/nature_pack/Sand2.png
  artifactKey: Guid(1c69f68b6c8c4c6488fc3f6cdf9d12a6) Importer(815301076,1909f56bfc062723c751e8b465ee728b)
Start importing Assets/Import/nature_pack/Sand2.png using Guid(1c69f68b6c8c4c6488fc3f6cdf9d12a6) Importer(815301076,1909f56bfc062723c751e8b465ee728b)  -> (artifact id: '77bbd804ce631b6f0d051627da3baee9') in 0.027963 seconds 
========================================================================
Received Import Request.
  Time since last request: 0.000023 seconds.
  path: Assets/Import/nature_pack/Water1.png
  artifactKey: Guid(ee7476fcdf581384796480be5b63b980) Importer(815301076,1909f56bfc062723c751e8b465ee728b)
Start importing Assets/Import/nature_pack/Water1.png using Guid(ee7476fcdf581384796480be5b63b980) Importer(815301076,1909f56bfc062723c751e8b465ee728b)  -> (artifact id: 'feb64d1a38c257bcdd6f93fe6a23555d') in 0.016561 seconds 
========================================================================
Received Import Request.
  Time since last request: 0.000024 seconds.
  path: Assets/Import/nature_pack/Snow1.png
  artifactKey: Guid(ac77f3a9969023b49a8583dcac51a97e) Importer(815301076,1909f56bfc062723c751e8b465ee728b)
Start importing Assets/Import/nature_pack/Snow1.png using Guid(ac77f3a9969023b49a8583dcac51a97e) Importer(815301076,1909f56bfc062723c751e8b465ee728b)  -> (artifact id: 'dd9f1d0faafc303f1b564f86db480cb1') in 0.025924 seconds 
========================================================================
Received Import Request.
  Time since last request: 0.000050 seconds.
  path: Assets/Terrain/Terrain_0_0_ff3dd4d1-6a43-43f2-94fa-cabcaee129d2.asset
  artifactKey: Guid(da980d6076dfcec448eb221487219f2f) Importer(815301076,1909f56bfc062723c751e8b465ee728b)
Start importing Assets/Terrain/Terrain_0_0_ff3dd4d1-6a43-43f2-94fa-cabcaee129d2.asset using Guid(da980d6076dfcec448eb221487219f2f) Importer(815301076,1909f56bfc062723c751e8b465ee728b)  -> (artifact id: '8885a695af2a7f46e1e6e28e5c0440fb') in 0.045704 seconds 
========================================================================
Received Import Request.
  Time since last request: 0.000039 seconds.
  path: Assets/Import/nature_pack/Grass2.png
  artifactKey: Guid(df2fc98c85a46c24f92f59ad257bd77d) Importer(815301076,1909f56bfc062723c751e8b465ee728b)
Start importing Assets/Import/nature_pack/Grass2.png using Guid(df2fc98c85a46c24f92f59ad257bd77d) Importer(815301076,1909f56bfc062723c751e8b465ee728b)  -> (artifact id: '728ff6bf440d046fb91e9a3c33884c48') in 0.021020 seconds 
========================================================================
Received Import Request.
  Time since last request: 165.670663 seconds.
  path: Assets/Import/clear-water-master/clear-water-master/Shader/Clear Water/CW2 Example.mat
  artifactKey: Guid(c20e1d68ff90238488f45d827e9c778e) Importer(815301076,1909f56bfc062723c751e8b465ee728b)
Start importing Assets/Import/clear-water-master/clear-water-master/Shader/Clear Water/CW2 Example.mat using Guid(c20e1d68ff90238488f45d827e9c778e) Importer(815301076,1909f56bfc062723c751e8b465ee728b)  -> (artifact id: '2ce4b4d9a0f17713f6bd15af45639178') in 0.571860 seconds 
>>>>>>> branche_js
